Copyright 1986-2022 Xilinx, Inc. All Rights Reserved. Copyright 2022-2023 Advanced Micro Devices, Inc. All Rights Reserved.
---------------------------------------------------------------------------------------------------------------------------------------------
| Tool Version : Vivado v.2023.2 (win64) Build 4029153 Fri Oct 13 20:14:34 MDT 2023
| Date         : Sun Nov 16 18:17:56 2025
| Host         : DESKTOP-6LGOCJL running 64-bit major release  (build 9200)
| Command      : report_drc -file Lock_drc_routed.rpt -pb Lock_drc_routed.pb -rpx Lock_drc_routed.rpx
| Design       : Lock
| Device       : xc7z020clg484-1
| Speed File   : -1
| Design State : Fully Routed
---------------------------------------------------------------------------------------------------------------------------------------------

Report DRC

Table of Contents
-----------------
1. REPORT SUMMARY
2. REPORT DETAILS

1. REPORT SUMMARY
-----------------
            Netlist: netlist
          Floorplan: design_1
      Design limits: <entire design considered>
           Ruledeck: default
             Max violations: <unlimited>
             Violations found: 2
+----------+----------+--------------------+------------+
| Rule     | Severity | Description        | Violations |
+----------+----------+--------------------+------------+
| PDRC-153 | Warning  | Gated clock check  | 1          |
| ZPS7-1   | Warning  | PS7 block required | 1          |
+----------+----------+--------------------+------------+

2. REPORT DETAILS
-----------------
PDRC-153#1 Warning
Gated clock check  
Net FSM/state_led_reg[0]_i_2_n_0 is a gated clock net sourced by a combinational pin FSM/state_led_reg[0]_i_2/O, cell FSM/state_led_reg[0]_i_2. This is not good design practice and will likely impact performance. For SLICE registers, for example, use the CE pin to control the loading of data.
Related violations: <none>

ZPS7-1#1 Warning
PS7 block required  
The PS7 cell must be used in this Zynq design in order to enable correct default configuration.
Related violations: <none>


